#-----------------------------------------------------------
# Vivado v2015.4 (64-bit)
# SW Build 1412921 on Wed Nov 18 09:43:45 MST 2015
# IP Build 1412160 on Tue Nov 17 13:47:24 MST 2015
# Start of session at: Mon May 22 22:33:13 2023
# Process ID: 8516
# Current directory: C:/Users/Vladu/Desktop/AC/MIPSpipeline
# Command line: vivado.exe -gui_launcher_event rodinguilauncherevent20072 C:\Users\Vladu\Desktop\AC\MIPSpipeline\MIPSpipeline.xpr
# Log file: C:/Users/Vladu/Desktop/AC/MIPSpipeline/vivado.log
# Journal file: C:/Users/Vladu/Desktop/AC/MIPSpipeline\vivado.jou
#-----------------------------------------------------------
start_gui
open_project C:/Users/Vladu/Desktop/AC/MIPSpipeline/MIPSpipeline.xpr
Scanning sources...
Finished scanning sources
INFO: [IP_Flow 19-234] Refreshing IP repositories
INFO: [IP_Flow 19-1704] No user IP repositories specified
INFO: [IP_Flow 19-2313] Loaded Vivado IP repository 'C:/Xilinx/Vivado/2015.4/data/ip'.
close [ open C:/Users/Vladu/Desktop/AC/MIPSpipeline/MIPSpipeline.srcs/sources_1/new/MPG.vhd w ]
add_files C:/Users/Vladu/Desktop/AC/MIPSpipeline/MIPSpipeline.srcs/sources_1/new/MPG.vhd
update_compile_order -fileset sources_1
file mkdir C:/Users/Vladu/Desktop/AC/MIPSpipeline/MIPSpipeline.srcs/sim_1/new
set_property SOURCE_SET sources_1 [get_filesets sim_1]
close [ open C:/Users/Vladu/Desktop/AC/MIPSpipeline/MIPSpipeline.srcs/sim_1/new/IF_ID.vhd w ]
add_files -fileset sim_1 C:/Users/Vladu/Desktop/AC/MIPSpipeline/MIPSpipeline.srcs/sim_1/new/IF_ID.vhd
reset_run synth_1
launch_runs impl_1
[Mon May 22 22:52:00 2023] Launched synth_1...
Run output will be captured here: C:/Users/Vladu/Desktop/AC/MIPSpipeline/MIPSpipeline.runs/synth_1/runme.log
[Mon May 22 22:52:00 2023] Launched impl_1...
Run output will be captured here: C:/Users/Vladu/Desktop/AC/MIPSpipeline/MIPSpipeline.runs/impl_1/runme.log
reset_run synth_1
launch_runs impl_1
[Mon May 22 22:54:48 2023] Launched synth_1...
Run output will be captured here: C:/Users/Vladu/Desktop/AC/MIPSpipeline/MIPSpipeline.runs/synth_1/runme.log
[Mon May 22 22:54:48 2023] Launched impl_1...
Run output will be captured here: C:/Users/Vladu/Desktop/AC/MIPSpipeline/MIPSpipeline.runs/impl_1/runme.log
reset_run synth_1
launch_runs impl_1
[Mon May 22 22:55:42 2023] Launched synth_1...
Run output will be captured here: C:/Users/Vladu/Desktop/AC/MIPSpipeline/MIPSpipeline.runs/synth_1/runme.log
[Mon May 22 22:55:42 2023] Launched impl_1...
Run output will be captured here: C:/Users/Vladu/Desktop/AC/MIPSpipeline/MIPSpipeline.runs/impl_1/runme.log
reset_run synth_1
launch_runs impl_1
[Mon May 22 23:04:22 2023] Launched synth_1...
Run output will be captured here: C:/Users/Vladu/Desktop/AC/MIPSpipeline/MIPSpipeline.runs/synth_1/runme.log
[Mon May 22 23:04:22 2023] Launched impl_1...
Run output will be captured here: C:/Users/Vladu/Desktop/AC/MIPSpipeline/MIPSpipeline.runs/impl_1/runme.log
reset_run synth_1
launch_runs impl_1
[Mon May 22 23:04:51 2023] Launched synth_1...
Run output will be captured here: C:/Users/Vladu/Desktop/AC/MIPSpipeline/MIPSpipeline.runs/synth_1/runme.log
[Mon May 22 23:04:51 2023] Launched impl_1...
Run output will be captured here: C:/Users/Vladu/Desktop/AC/MIPSpipeline/MIPSpipeline.runs/impl_1/runme.log
reset_run impl_1
launch_runs impl_1
[Mon May 22 23:05:55 2023] Launched impl_1...
Run output will be captured here: C:/Users/Vladu/Desktop/AC/MIPSpipeline/MIPSpipeline.runs/impl_1/runme.log
update_compile_order -fileset sim_1
reset_run synth_1
launch_runs impl_1
[Mon May 22 23:06:26 2023] Launched synth_1...
Run output will be captured here: C:/Users/Vladu/Desktop/AC/MIPSpipeline/MIPSpipeline.runs/synth_1/runme.log
[Mon May 22 23:06:26 2023] Launched impl_1...
Run output will be captured here: C:/Users/Vladu/Desktop/AC/MIPSpipeline/MIPSpipeline.runs/impl_1/runme.log
update_compile_order -fileset sim_1
reset_run synth_1
launch_runs impl_1
[Mon May 22 23:08:45 2023] Launched synth_1...
Run output will be captured here: C:/Users/Vladu/Desktop/AC/MIPSpipeline/MIPSpipeline.runs/synth_1/runme.log
[Mon May 22 23:08:45 2023] Launched impl_1...
Run output will be captured here: C:/Users/Vladu/Desktop/AC/MIPSpipeline/MIPSpipeline.runs/impl_1/runme.log
reset_run impl_1
launch_runs impl_1
[Mon May 22 23:10:37 2023] Launched impl_1...
Run output will be captured here: C:/Users/Vladu/Desktop/AC/MIPSpipeline/MIPSpipeline.runs/impl_1/runme.log
reset_run synth_1
launch_runs impl_1
[Mon May 22 23:12:11 2023] Launched synth_1...
Run output will be captured here: C:/Users/Vladu/Desktop/AC/MIPSpipeline/MIPSpipeline.runs/synth_1/runme.log
[Mon May 22 23:12:11 2023] Launched impl_1...
Run output will be captured here: C:/Users/Vladu/Desktop/AC/MIPSpipeline/MIPSpipeline.runs/impl_1/runme.log
update_compile_order -fileset sim_1
reset_run synth_1
launch_runs impl_1
[Mon May 22 23:12:53 2023] Launched synth_1...
Run output will be captured here: C:/Users/Vladu/Desktop/AC/MIPSpipeline/MIPSpipeline.runs/synth_1/runme.log
[Mon May 22 23:12:53 2023] Launched impl_1...
Run output will be captured here: C:/Users/Vladu/Desktop/AC/MIPSpipeline/MIPSpipeline.runs/impl_1/runme.log
launch_runs impl_1 -to_step write_bitstream
[Mon May 22 23:13:50 2023] Launched impl_1...
Run output will be captured here: C:/Users/Vladu/Desktop/AC/MIPSpipeline/MIPSpipeline.runs/impl_1/runme.log
reset_run impl_1
launch_runs impl_1
[Mon May 22 23:14:28 2023] Launched impl_1...
Run output will be captured here: C:/Users/Vladu/Desktop/AC/MIPSpipeline/MIPSpipeline.runs/impl_1/runme.log
reset_run impl_1
launch_runs impl_1
[Mon May 22 23:16:36 2023] Launched impl_1...
Run output will be captured here: C:/Users/Vladu/Desktop/AC/MIPSpipeline/MIPSpipeline.runs/impl_1/runme.log
reset_run impl_1
launch_runs impl_1
[Mon May 22 23:17:41 2023] Launched impl_1...
Run output will be captured here: C:/Users/Vladu/Desktop/AC/MIPSpipeline/MIPSpipeline.runs/impl_1/runme.log
launch_runs impl_1 -to_step write_bitstream
[Mon May 22 23:18:28 2023] Launched impl_1...
Run output will be captured here: C:/Users/Vladu/Desktop/AC/MIPSpipeline/MIPSpipeline.runs/impl_1/runme.log
update_compile_order -fileset sim_1
reset_run synth_1
launch_runs impl_1
[Mon May 22 23:20:00 2023] Launched synth_1...
Run output will be captured here: C:/Users/Vladu/Desktop/AC/MIPSpipeline/MIPSpipeline.runs/synth_1/runme.log
[Mon May 22 23:20:00 2023] Launched impl_1...
Run output will be captured here: C:/Users/Vladu/Desktop/AC/MIPSpipeline/MIPSpipeline.runs/impl_1/runme.log
exit
INFO: [Common 17-206] Exiting Vivado at Mon May 22 23:22:05 2023...
