#-----------------------------------------------------------
# Vivado v2015.4 (64-bit)
# SW Build 1412921 on Wed Nov 18 09:43:45 MST 2015
# IP Build 1412160 on Tue Nov 17 13:47:24 MST 2015
# Start of session at: Tue May 30 23:52:48 2023
# Process ID: 24776
# Current directory: C:/Users/Vladu/Desktop/AC/Vladut_Rad MIPS pipeline/MIPSpipeline
# Command line: vivado.exe -gui_launcher_event rodinguilauncherevent15408 C:\Users\Vladu\Desktop\AC\Vladut_Rad MIPS pipeline\MIPSpipeline\MIPSpipeline.xpr
# Log file: C:/Users/Vladu/Desktop/AC/Vladut_Rad MIPS pipeline/MIPSpipeline/vivado.log
# Journal file: C:/Users/Vladu/Desktop/AC/Vladut_Rad MIPS pipeline/MIPSpipeline\vivado.jou
#-----------------------------------------------------------
start_gui
open_project {C:/Users/Vladu/Desktop/AC/Vladut_Rad MIPS pipeline/MIPSpipeline/MIPSpipeline.xpr}
Scanning sources...
Finished scanning sources
INFO: [IP_Flow 19-234] Refreshing IP repositories
INFO: [IP_Flow 19-1704] No user IP repositories specified
INFO: [IP_Flow 19-2313] Loaded Vivado IP repository 'C:/Xilinx/Vivado/2015.4/data/ip'.
open_project: Time (s): cpu = 00:00:10 ; elapsed = 00:00:05 . Memory (MB): peak = 783.090 ; gain = 216.855
exit
INFO: [Common 17-206] Exiting Vivado at Tue May 30 23:53:24 2023...
ak = 754.109 ; gain = 182.340
set_property source_mgmt_mode DisplayOnly [current_project]
set_property source_mgmt_mode None [current_project]
set_property source_mgmt_mode All [current_project]
update_compile_order -fileset sources_1
reset_run synth_1
launch_runs impl_1 -to_step write_bitstream
[Tue May 30 23:55:08 2023] Launched synth_1...
Run output will be captured here: C:/Users/Vladu/Desktop/AC/Vladut_Rad MIPS pipeline/MIPSpipeline/MIPSpipeline.runs/synth_1/runme.log
[Tue May 30 23:55:08 2023] Launched impl_1...
Run output will be captured here: C:/Users/Vladu/Desktop/AC/Vladut_Rad MIPS pipeline/MIPSpipeline/MIPSpipeline.runs/impl_1/runme.log
reset_run impl_1
launch_runs impl_1
[Tue May 30 23:57:00 2023] Launched impl_1...
Run output will be captured here: C:/Users/Vladu/Desktop/AC/Vladut_Rad MIPS pipeline/MIPSpipeline/MIPSpipeline.runs/impl_1/runme.log
update_compile_order -fileset sim_1
reset_run synth_1
launch_runs impl_1
[Tue May 30 23:57:30 2023] Launched synth_1...
Run output will be captured here: C:/Users/Vladu/Desktop/AC/Vladut_Rad MIPS pipeline/MIPSpipeline/MIPSpipeline.runs/synth_1/runme.log
[Tue May 30 23:57:30 2023] Launched impl_1...
Run output will be captured here: C:/Users/Vladu/Desktop/AC/Vladut_Rad MIPS pipeline/MIPSpipeline/MIPSpipeline.runs/impl_1/runme.log
update_compile_order -fileset sim_1
